{"/Users/alexandru.ionascu/fullstack-interview-task/admin/__tests__/mocks/index.js": {"path":"/Users/alexandru.ionascu/fullstack-interview-task/admin/__tests__/mocks/index.js","statementMap":{"0":{"start":{"line":1,"column":14},"end":{"line":81,"column":1}},"1":{"start":{"line":83,"column":0},"end":{"line":83,"column":27}}},"fnMap":{},"branchMap":{},"s":{"0":1,"1":1},"f":{},"b":{},"_coverageSchema":"1a1c01bbd47fc00a2c39e90264f33305004495a9","hash":"4a64aa781902aceb05c03f51f8d77c3cca6256ec"}
,"/Users/alexandru.ionascu/fullstack-interview-task/admin/src/index.js": {"path":"/Users/alexandru.ionascu/fullstack-interview-task/admin/src/index.js","statementMap":{"0":{"start":{"line":1,"column":16},"end":{"line":1,"column":34}},"1":{"start":{"line":2,"column":15},"end":{"line":2,"column":32}},"2":{"start":{"line":3,"column":14},"end":{"line":3,"column":30}},"3":{"start":{"line":4,"column":10},"end":{"line":4,"column":26}},"4":{"start":{"line":6,"column":39},"end":{"line":6,"column":60}},"5":{"start":{"line":8,"column":12},"end":{"line":8,"column":21}},"6":{"start":{"line":10,"column":0},"end":{"line":10,"column":40}},"7":{"start":{"line":12,"column":0},"end":{"line":24,"column":2}},"8":{"start":{"line":13,"column":4},"end":{"line":23,"column":5}},"9":{"start":{"line":14,"column":23},"end":{"line":14,"column":33}},"10":{"start":{"line":15,"column":25},"end":{"line":15,"column":93}},"11":{"start":{"line":17,"column":8},"end":{"line":17,"column":23}},"12":{"start":{"line":19,"column":8},"end":{"line":22,"column":11}},"13":{"start":{"line":26,"column":0},"end":{"line":70,"column":2}},"14":{"start":{"line":27,"column":4},"end":{"line":69,"column":5}},"15":{"start":{"line":28,"column":31},"end":{"line":28,"column":93}},"16":{"start":{"line":29,"column":38},"end":{"line":29,"column":105}},"17":{"start":{"line":31,"column":24},"end":{"line":31,"column":26}},"18":{"start":{"line":32,"column":20},"end":{"line":41,"column":10}},"19":{"start":{"line":43,"column":8},"end":{"line":57,"column":11}},"20":{"start":{"line":44,"column":12},"end":{"line":56,"column":15}},"21":{"start":{"line":45,"column":30},"end":{"line":45,"column":68}},"22":{"start":{"line":46,"column":32},"end":{"line":46,"column":86}},"23":{"start":{"line":48,"column":16},"end":{"line":55,"column":19}},"24":{"start":{"line":59,"column":8},"end":{"line":61,"column":11}},"25":{"start":{"line":63,"column":8},"end":{"line":63,"column":36}},"26":{"start":{"line":65,"column":8},"end":{"line":68,"column":11}},"27":{"start":{"line":72,"column":0},"end":{"line":79,"column":2}},"28":{"start":{"line":73,"column":4},"end":{"line":76,"column":5}},"29":{"start":{"line":74,"column":8},"end":{"line":74,"column":65}},"30":{"start":{"line":75,"column":8},"end":{"line":75,"column":24}},"31":{"start":{"line":78,"column":4},"end":{"line":78,"column":57}},"32":{"start":{"line":81,"column":0},"end":{"line":81,"column":25}}},"fnMap":{"0":{"name":"(anonymous_0)","decl":{"start":{"line":12,"column":28},"end":{"line":12,"column":29}},"loc":{"start":{"line":12,"column":48},"end":{"line":24,"column":1}},"line":12},"1":{"name":"(anonymous_1)","decl":{"start":{"line":26,"column":19},"end":{"line":26,"column":20}},"loc":{"start":{"line":26,"column":37},"end":{"line":70,"column":1}},"line":26},"2":{"name":"(anonymous_2)","decl":{"start":{"line":43,"column":32},"end":{"line":43,"column":33}},"loc":{"start":{"line":43,"column":102},"end":{"line":57,"column":9}},"line":43},"3":{"name":"(anonymous_3)","decl":{"start":{"line":44,"column":25},"end":{"line":44,"column":26}},"loc":{"start":{"line":44,"column":59},"end":{"line":56,"column":13}},"line":44},"4":{"name":"(anonymous_4)","decl":{"start":{"line":72,"column":24},"end":{"line":72,"column":25}},"loc":{"start":{"line":72,"column":33},"end":{"line":79,"column":1}},"line":72}},"branchMap":{"0":{"loc":{"start":{"line":73,"column":4},"end":{"line":76,"column":5}},"type":"if","locations":[{"start":{"line":73,"column":4},"end":{"line":76,"column":5}},{"start":{},"end":{}}],"line":73}},"s":{"0":1,"1":1,"2":1,"3":1,"4":1,"5":1,"6":1,"7":1,"8":0,"9":0,"10":0,"11":0,"12":0,"13":1,"14":1,"15":1,"16":1,"17":1,"18":1,"19":1,"20":7,"21":12,"22":12,"23":12,"24":1,"25":1,"26":0,"27":1,"28":1,"29":0,"30":0,"31":1,"32":1},"f":{"0":0,"1":1,"2":7,"3":12,"4":1},"b":{"0":[0,1]},"_coverageSchema":"1a1c01bbd47fc00a2c39e90264f33305004495a9","hash":"3ca67225ae50827634f5f369f2bfddad6cbaa3ab"}
}
