TN:
SF:__tests__/mocks/index.js
FNF:0
FNH:0
DA:1,1
DA:83,1
LF:2
LH:2
BRF:0
BRH:0
end_of_record
TN:
SF:src/index.js
FN:12,(anonymous_0)
FN:26,(anonymous_1)
FN:43,(anonymous_2)
FN:44,(anonymous_3)
FN:72,(anonymous_4)
FNF:5
FNH:4
FNDA:0,(anonymous_0)
FNDA:1,(anonymous_1)
FNDA:7,(anonymous_2)
FNDA:12,(anonymous_3)
FNDA:1,(anonymous_4)
DA:1,1
DA:2,1
DA:3,1
DA:4,1
DA:6,1
DA:8,1
DA:10,1
DA:12,1
DA:13,0
DA:14,0
DA:15,0
DA:17,0
DA:19,0
DA:26,1
DA:27,1
DA:28,1
DA:29,1
DA:31,1
DA:32,1
DA:43,1
DA:44,7
DA:45,12
DA:46,12
DA:48,12
DA:59,1
DA:63,1
DA:65,0
DA:72,1
DA:73,1
DA:74,0
DA:75,0
DA:78,1
DA:81,1
LF:33
LH:25
BRDA:73,0,0,0
BRDA:73,0,1,1
BRF:2
BRH:1
end_of_record
